TN:
SF:/Users/alexandre/dev/portfolio/src/components/customs/1-loaders/loading/Loading.vue
FN:27,(anonymous_1)
FN:29,(anonymous_2)
FN:35,(anonymous_3)
FN:36,(anonymous_4)
FNF:4
FNH:3
FNDA:5,(anonymous_1)
FNDA:0,(anonymous_2)
FNDA:6,(anonymous_3)
FNDA:1,(anonymous_4)
DA:28,5
DA:29,5
DA:30,0
DA:32,5
DA:36,6
DA:37,1
LF:6
LH:5
BRF:0
BRH:0
end_of_record
TN:
SF:/Users/alexandre/dev/portfolio/src/components/customs/1-loaders/welcome/Welcome.vue
FN:21,(anonymous_1)
FN:25,(anonymous_2)
FN:44,(anonymous_3)
FNF:3
FNH:3
FNDA:6,(anonymous_1)
FNDA:6,(anonymous_2)
FNDA:1,(anonymous_3)
DA:17,1
DA:22,6
DA:26,6
DA:27,6
DA:29,6
DA:30,6
DA:45,1
LF:7
LH:7
BRF:0
BRH:0
end_of_record
