TN:
SF:/Users/alexandre/dev/portfolio/src/App.vue
FN:18,(anonymous_1)
FN:27,(anonymous_2)
FNF:2
FNH:2
FNDA:6,(anonymous_1)
FNDA:1,(anonymous_2)
DA:9,1
DA:10,1
DA:19,6
DA:28,1
DA:29,1
LF:5
LH:5
BRF:0
BRH:0
end_of_record
TN:
SF:/Users/alexandre/dev/portfolio/src/components/loading/Loading.vue
FN:24,(anonymous_1)
FN:26,(anonymous_2)
FN:32,(anonymous_3)
FN:33,(anonymous_4)
FNF:4
FNH:3
FNDA:6,(anonymous_1)
FNDA:0,(anonymous_2)
FNDA:7,(anonymous_3)
FNDA:6,(anonymous_4)
DA:25,6
DA:26,6
DA:27,0
DA:29,6
DA:33,7
DA:34,6
LF:6
LH:5
BRF:0
BRH:0
end_of_record
TN:
SF:/Users/alexandre/dev/portfolio/src/components/welcome/Welcome.vue
FN:21,(anonymous_1)
FN:25,(anonymous_2)
FN:44,(anonymous_3)
FNF:3
FNH:3
FNDA:6,(anonymous_1)
FNDA:6,(anonymous_2)
FNDA:1,(anonymous_3)
DA:17,2
DA:22,6
DA:26,6
DA:27,6
DA:29,6
DA:30,6
DA:45,1
LF:7
LH:7
BRF:0
BRH:0
end_of_record
